<?xml version="1.0" encoding="UTF-8"?>
<!-- Generated by org.testng.reporters.JUnitReportReporter -->
<testsuite hostname="VPCAUTMHWX10271" name="com.blazefet.facilitydetails.CashContribution" tests="1" failures="0" timestamp="5 Oct 2020 08:31:07 GMT" time="12.446" errors="0">
  <testcase name="ValidCashContribution" time="12.446" classname="com.blazefet.facilitydetails.CashContribution"/>
</testsuite> <!-- com.blazefet.facilitydetails.CashContribution -->
