<?xml version="1.0" encoding="UTF-8"?>
<!-- Generated by org.testng.reporters.JUnitReportReporter -->
<testsuite hostname="VPCAUTMHWX10271" name="com.blazefet.facilitydetails.AutoCalulatedDiscountedRate" tests="1" failures="0" timestamp="5 Oct 2020 07:25:35 GMT" time="11.662" errors="0">
  <testcase name="DiscountedRateAuto" time="11.662" classname="com.blazefet.facilitydetails.AutoCalulatedDiscountedRate"/>
</testsuite> <!-- com.blazefet.facilitydetails.AutoCalulatedDiscountedRate -->
