<?xml version="1.0" encoding="UTF-8"?>
<!-- Generated by org.testng.reporters.JUnitReportReporter -->
<testsuite hostname="VPCAUTMHWX10271" name="com.blazefet.customerdetails.CustomerDetails1" tests="1" failures="0" timestamp="29 Sep 2020 10:58:23 GMT" time="10.846" errors="0">
  <testcase name="ValidFirstName" time="10.846" classname="com.blazefet.customerdetails.CustomerDetails1"/>
</testsuite> <!-- com.blazefet.customerdetails.CustomerDetails1 -->
