<?xml version="1.0" encoding="UTF-8"?>
<!-- Generated by org.testng.reporters.JUnitReportReporter -->
<testsuite hostname="VPCAUTMHWX10271" name="com.blazefet.customerdetails.RelativeValid" tests="1" failures="0" timestamp="1 Oct 2020 08:25:25 GMT" time="12.657" errors="0">
  <testcase name="ValidRelativenamenotlivingwithyou" time="12.657" classname="com.blazefet.customerdetails.RelativeValid"/>
</testsuite> <!-- com.blazefet.customerdetails.RelativeValid -->
