<?xml version="1.0" encoding="UTF-8"?>
<!-- Generated by org.testng.reporters.JUnitReportReporter -->
<testsuite hostname="VPCAUTMHWX10271" name="com.blazefet.customerdetails.LastNameInvalid" tests="1" failures="0" timestamp="29 Sep 2020 11:15:29 GMT" time="11.217" errors="0">
  <testcase name="INValidLasttName" time="11.217" classname="com.blazefet.customerdetails.LastNameInvalid"/>
</testsuite> <!-- com.blazefet.customerdetails.LastNameInvalid -->
