<?xml version="1.0" encoding="UTF-8"?>
<!-- Generated by org.testng.reporters.JUnitReportReporter -->
<testsuite hostname="VPCAUTMHWX10271" name="com.blazefet.customerdetails.ContactNumber1Valid" tests="1" failures="0" timestamp="30 Sep 2020 06:40:38 GMT" time="13.967" errors="0">
  <testcase name="ValidContactNumber1" time="13.967" classname="com.blazefet.customerdetails.ContactNumber1Valid"/>
</testsuite> <!-- com.blazefet.customerdetails.ContactNumber1Valid -->
