<?xml version="1.0" encoding="UTF-8"?>
<!-- Generated by org.testng.reporters.JUnitReportReporter -->
<testsuite hostname="VPCAUTMHWX10271" name="com.blazefet.facilitydetails.SolicitorsCostValid" tests="1" failures="0" timestamp="5 Oct 2020 13:11:20 GMT" time="10.463" errors="0">
  <testcase name="ValidSolicitorsCost" time="10.463" classname="com.blazefet.facilitydetails.SolicitorsCostValid"/>
</testsuite> <!-- com.blazefet.facilitydetails.SolicitorsCostValid -->
