<?xml version="1.0" encoding="UTF-8"?>
<!-- Generated by org.testng.reporters.JUnitReportReporter -->
<testsuite hostname="VPCAUTMHWX10271" name="com.blazefet.customerdetails.ID2NameValid" tests="1" failures="0" timestamp="1 Oct 2020 10:20:01 GMT" time="12.545" errors="0">
  <testcase name="ValidID2Name" time="12.545" classname="com.blazefet.customerdetails.ID2NameValid"/>
</testsuite> <!-- com.blazefet.customerdetails.ID2NameValid -->
