<?xml version="1.0" encoding="UTF-8"?>
<!-- Generated by org.testng.reporters.JUnitReportReporter -->
<testsuite hostname="VPCAUTMHWX10271" name="com.blazefet.facilitydetails.DiscountValid" tests="1" failures="0" timestamp="5 Oct 2020 08:04:33 GMT" time="13.132" errors="0">
  <testcase name="ValidInterestRate" time="13.132" classname="com.blazefet.facilitydetails.DiscountValid"/>
</testsuite> <!-- com.blazefet.facilitydetails.DiscountValid -->
