<?xml version="1.0" encoding="UTF-8"?>
<!-- Generated by org.testng.reporters.JUnitReportReporter -->
<testsuite hostname="VPCAUTMHWX10271" name="com.blazefet.customerdetails.ExistingCustomerfield" tests="1" failures="0" timestamp="1 Oct 2020 06:12:32 GMT" time="10.884" errors="0">
  <testcase name="ExistingCustomer" time="10.884" classname="com.blazefet.customerdetails.ExistingCustomerfield"/>
</testsuite> <!-- com.blazefet.customerdetails.ExistingCustomerfield -->
