<?xml version="1.0" encoding="UTF-8"?>
<!-- Generated by org.testng.reporters.JUnitReportReporter -->
<testsuite hostname="VPCAUTMHWX10271" name="com.blazefet.customerdetails.ContactNumber2Valid" tests="1" failures="0" timestamp="30 Sep 2020 07:13:53 GMT" time="11.207" errors="0">
  <testcase name="ValidContactNumber2" time="11.207" classname="com.blazefet.customerdetails.ContactNumber2Valid"/>
</testsuite> <!-- com.blazefet.customerdetails.ContactNumber2Valid -->
