<?xml version="1.0" encoding="UTF-8"?>
<!-- Generated by org.testng.reporters.JUnitReportReporter -->
<testsuite hostname="VPCAUTMHWX10271" name="com.blazefet.facilitydetails.ContributionTradeInValueValid" tests="1" failures="0" timestamp="5 Oct 2020 12:54:48 GMT" time="12.301" errors="0">
  <testcase name="ValidContributionTradeInValue" time="12.301" classname="com.blazefet.facilitydetails.ContributionTradeInValueValid"/>
</testsuite> <!-- com.blazefet.facilitydetails.ContributionTradeInValueValid -->
