<?xml version="1.0" encoding="UTF-8"?>
<!-- Generated by org.testng.reporters.JUnitReportReporter -->
<testsuite hostname="VPCAUTMHWX10271" name="com.blazefet.facilitydetails.OtherCostInvalid" tests="1" failures="0" timestamp="5 Oct 2020 13:26:45 GMT" time="11.047" errors="0">
  <testcase name="InValidOtherCost" time="11.047" classname="com.blazefet.facilitydetails.OtherCostInvalid"/>
</testsuite> <!-- com.blazefet.facilitydetails.OtherCostInvalid -->
