<?xml version="1.0" encoding="UTF-8"?>
<!-- Generated by org.testng.reporters.JUnitReportReporter -->
<testsuite skipped="0" hostname="VPCAUMWHWX00337" name="test.PersonalLoanSecured" tests="1" failures="0" timestamp="03 Dec 2020 14:38:46 GMT" time="73.598" errors="0">
  <testcase name="START" time="73.598" classname="test.PersonalLoanSecured"/>
</testsuite> <!-- test.PersonalLoanSecured -->
