<?xml version="1.0" encoding="UTF-8"?>
<!-- Generated by org.testng.reporters.JUnitReportReporter -->
<testsuite skipped="0" hostname="VPCAUMWHWX00337" name="test.CreditCardExisting" tests="1" failures="0" timestamp="02 Dec 2020 13:45:01 GMT" time="53.476" errors="0">
  <testcase name="START" time="53.476" classname="test.CreditCardExisting"/>
</testsuite> <!-- test.CreditCardExisting -->
