<?xml version="1.0" encoding="UTF-8"?>
<!-- Generated by org.testng.reporters.JUnitReportReporter -->
<testsuite hostname="VPCAUTMHWX10271" name="com.blazefet.customerdetails.EmployerName" tests="1" failures="0" timestamp="1 Oct 2020 09:53:50 GMT" time="12.788" errors="0">
  <testcase name="ValidEmployerName" time="12.788" classname="com.blazefet.customerdetails.EmployerName"/>
</testsuite> <!-- com.blazefet.customerdetails.EmployerName -->
