<?xml version="1.0" encoding="UTF-8"?>
<!-- Generated by org.testng.reporters.JUnitReportReporter -->
<testsuite skipped="0" hostname="VPCAUMWHWX00337" name="test.PersonalLoanUnsecured" tests="1" failures="0" timestamp="02 Dec 2020 13:43:13 GMT" time="48.813" errors="0">
  <testcase name="START" time="48.813" classname="test.PersonalLoanUnsecured"/>
</testsuite> <!-- test.PersonalLoanUnsecured -->
