<?xml version="1.0" encoding="UTF-8"?>
<!-- Generated by org.testng.reporters.JUnitReportReporter -->
<testsuite hostname="VPCAUTMHWX10271" name="com.blazefet.facilitydetails.DiscountInvalid" tests="1" failures="0" timestamp="5 Oct 2020 08:07:14 GMT" time="11.427" errors="0">
  <testcase name="InValidDiscount" time="11.427" classname="com.blazefet.facilitydetails.DiscountInvalid"/>
</testsuite> <!-- com.blazefet.facilitydetails.DiscountInvalid -->
