<?xml version="1.0" encoding="UTF-8"?>
<!-- Generated by org.testng.reporters.JUnitReportReporter -->
<testsuite hostname="VPCAUTMHWX10271" name="com.blazefet.customerdetails.ContactNumber1Invalid" tests="1" failures="0" timestamp="30 Sep 2020 06:44:30 GMT" time="11.515" errors="0">
  <testcase name="INValidContactNumber1" time="11.515" classname="com.blazefet.customerdetails.ContactNumber1Invalid"/>
</testsuite> <!-- com.blazefet.customerdetails.ContactNumber1Invalid -->
