<?xml version="1.0" encoding="UTF-8"?>
<!-- Generated by org.testng.reporters.JUnitReportReporter -->
<testsuite skipped="0" hostname="VPCAUMWHWX00337" name="test.PersonalLoanUnsecured" tests="1" failures="0" timestamp="12 Nov 2020 11:07:50 GMT" time="47.729" errors="0">
  <testcase name="START" time="47.729" classname="test.PersonalLoanUnsecured"/>
</testsuite> <!-- test.PersonalLoanUnsecured -->
