<?xml version="1.0" encoding="UTF-8"?>
<!-- Generated by org.testng.reporters.JUnitReportReporter -->
<testsuite hostname="VPCAUTMHWX10271" name="com.blazefet.customerdetails.DOB" tests="1" failures="0" timestamp="30 Sep 2020 08:02:06 GMT" time="13.566" errors="0">
  <testcase name="DOB" time="13.566" classname="com.blazefet.customerdetails.DOB"/>
</testsuite> <!-- com.blazefet.customerdetails.DOB -->
