<?xml version="1.0" encoding="UTF-8"?>
<!-- Generated by org.testng.reporters.JUnitReportReporter -->
<testsuite skipped="0" hostname="VPCAUMWHWX00337" name="test.customerexistingCIF" tests="1" failures="0" timestamp="18 Nov 2020 04:36:28 GMT" time="18.777" errors="0">
  <testcase name="START" time="18.777" classname="test.customerexistingCIF"/>
</testsuite> <!-- test.customerexistingCIF -->
