<?xml version="1.0" encoding="UTF-8"?>
<!-- Generated by org.testng.reporters.JUnitReportReporter -->
<testsuite hostname="VPCAUTMHWX10271" name="com.blazefet.facilitydetails.StampDutyCostInvalid" tests="1" failures="0" timestamp="5 Oct 2020 13:18:23 GMT" time="11.106" errors="0">
  <testcase name="InValidStampDutyCost" time="11.106" classname="com.blazefet.facilitydetails.StampDutyCostInvalid"/>
</testsuite> <!-- com.blazefet.facilitydetails.StampDutyCostInvalid -->
