<?xml version="1.0" encoding="UTF-8"?>
<!-- Generated by org.testng.reporters.JUnitReportReporter -->
<testsuite hostname="VPCAUTMHWX10271" name="com.blazefet.customerdetails.OccuputionValid" tests="1" failures="0" timestamp="1 Oct 2020 09:46:58 GMT" time="12.412" errors="0">
  <testcase name="ValidOccupation" time="12.412" classname="com.blazefet.customerdetails.OccuputionValid"/>
</testsuite> <!-- com.blazefet.customerdetails.OccuputionValid -->
