<?xml version="1.0" encoding="UTF-8"?>
<!-- Generated by org.testng.reporters.JUnitReportReporter -->
<testsuite hostname="VPCAUTMHWX10271" name="com.blazefet.customerdetails.NumberOfDependentsInvalid" tests="1" failures="0" timestamp="30 Sep 2020 07:41:09 GMT" time="11.192" errors="0">
  <testcase name="InValidNumberOfDependents" time="11.192" classname="com.blazefet.customerdetails.NumberOfDependentsInvalid"/>
</testsuite> <!-- com.blazefet.customerdetails.NumberOfDependentsInvalid -->
