<?xml version="1.0" encoding="UTF-8"?>
<!-- Generated by org.testng.reporters.JUnitReportReporter -->
<testsuite hostname="VPCAUTMHWX10271" name="com.blazefet.customerdetails.PhoneNumberInvalid" tests="1" failures="0" timestamp="1 Oct 2020 08:10:09 GMT" time="11.683" errors="0">
  <testcase name="InValidPhoneNumber" time="11.683" classname="com.blazefet.customerdetails.PhoneNumberInvalid"/>
</testsuite> <!-- com.blazefet.customerdetails.PhoneNumberInvalid -->
