<?xml version="1.0" encoding="UTF-8"?>
<!-- Generated by org.testng.reporters.JUnitReportReporter -->
<testsuite hostname="VPCAUTMHWX10271" name="com.blazefet.facilitydetails.LoanApprovalFeesInvalid" tests="1" failures="0" timestamp="5 Oct 2020 13:33:14 GMT" time="10.283" errors="0">
  <testcase name="ValidLoanApprovalFee" time="10.283" classname="com.blazefet.facilitydetails.LoanApprovalFeesInvalid"/>
</testsuite> <!-- com.blazefet.facilitydetails.LoanApprovalFeesInvalid -->
