<?xml version="1.0" encoding="UTF-8"?>
<!-- Generated by org.testng.reporters.JUnitReportReporter -->
<testsuite hostname="VPCAUTMHWX10271" name="com.blazefet.facilitydetails.LoanApprovalFeeValid" tests="1" failures="0" timestamp="5 Oct 2020 13:31:40 GMT" time="10.217" errors="0">
  <testcase name="ValidLoanApprovalFee" time="10.217" classname="com.blazefet.facilitydetails.LoanApprovalFeeValid"/>
</testsuite> <!-- com.blazefet.facilitydetails.LoanApprovalFeeValid -->
