<?xml version="1.0" encoding="UTF-8"?>
<!-- Generated by org.testng.reporters.JUnitReportReporter -->
<testsuite hostname="VPCAUTMHWX10271" name="com.blazefet.customerdetails.EmailaddressValid" tests="1" failures="0" timestamp="1 Oct 2020 05:55:38 GMT" time="13.973" errors="0">
  <testcase name="ValidEmailaddress" time="13.973" classname="com.blazefet.customerdetails.EmailaddressValid"/>
</testsuite> <!-- com.blazefet.customerdetails.EmailaddressValid -->
