<?xml version="1.0" encoding="UTF-8"?>
<!-- Generated by org.testng.reporters.JUnitReportReporter -->
<testsuite hostname="VPCAUTMHWX10271" name="com.blazefet.securitydetails.FloorAreaSize" tests="1" failures="0" timestamp="8 Oct 2020 05:50:21 GMT" time="14.801" errors="0">
  <testcase name="ValidFoorAreaSize" time="14.801" classname="com.blazefet.securitydetails.FloorAreaSize"/>
</testsuite> <!-- com.blazefet.securitydetails.FloorAreaSize -->
