<?xml version="1.0" encoding="UTF-8"?>
<!-- Generated by org.testng.reporters.JUnitReportReporter -->
<testsuite hostname="VPCAUTMHWX10271" name="com.blazefet.facilitydetails.AmountRequestedInvalid" tests="1" failures="0" timestamp="5 Oct 2020 08:24:30 GMT" time="11.108" errors="0">
  <testcase name="InValidAmountrequested" time="11.108" classname="com.blazefet.facilitydetails.AmountRequestedInvalid"/>
</testsuite> <!-- com.blazefet.facilitydetails.AmountRequestedInvalid -->
