<?xml version="1.0" encoding="UTF-8"?>
<!-- Generated by org.testng.reporters.JUnitReportReporter -->
<testsuite hostname="VPCAUTMHWX10271" name="com.blazefet.facilitydetails.StampDutyCostValid" tests="1" failures="0" timestamp="5 Oct 2020 13:16:53 GMT" time="10.969" errors="0">
  <testcase name="ValidStampDutyCost" time="10.969" classname="com.blazefet.facilitydetails.StampDutyCostValid"/>
</testsuite> <!-- com.blazefet.facilitydetails.StampDutyCostValid -->
