<?xml version="1.0" encoding="UTF-8"?>
<!-- Generated by org.testng.reporters.JUnitReportReporter -->
<testsuite hostname="VPCAUTMHWX10271" name="com.blazefet.customerdetails.OccupationInvalid" tests="1" failures="0" timestamp="1 Oct 2020 09:48:31 GMT" time="12.455" errors="0">
  <testcase name="INValidOccupation" time="12.455" classname="com.blazefet.customerdetails.OccupationInvalid"/>
</testsuite> <!-- com.blazefet.customerdetails.OccupationInvalid -->
