<?xml version="1.0" encoding="UTF-8"?>
<!-- Generated by org.testng.reporters.JUnitReportReporter -->
<testsuite hostname="VPCAUTMHWX10271" name="com.blazefet.facilitydetails.OtherContributionInvalid" tests="1" failures="0" timestamp="5 Oct 2020 13:05:14 GMT" time="9.852" errors="0">
  <testcase name="InValidOtherContribution" time="9.852" classname="com.blazefet.facilitydetails.OtherContributionInvalid"/>
</testsuite> <!-- com.blazefet.facilitydetails.OtherContributionInvalid -->
