<?xml version="1.0" encoding="UTF-8"?>
<!-- Generated by org.testng.reporters.JUnitReportReporter -->
<testsuite hostname="VPCAUTMHWX10271" name="com.blazefet.customerdetails.MiddleNameValid" tests="1" failures="0" timestamp="1 Oct 2020 10:00:59 GMT" time="12.219" errors="0">
  <testcase name="ValidMiddleName" time="12.219" classname="com.blazefet.customerdetails.MiddleNameValid"/>
</testsuite> <!-- com.blazefet.customerdetails.MiddleNameValid -->
