<?xml version="1.0" encoding="UTF-8"?>
<!-- Generated by org.testng.reporters.JUnitReportReporter -->
<testsuite hostname="VPCAUTMHWX10271" name="com.blazefet.securitydetails.LandValueValid" tests="1" failures="0" timestamp="8 Oct 2020 06:42:21 GMT" time="14.939" errors="0">
  <testcase name="ValidLandValue" time="14.939" classname="com.blazefet.securitydetails.LandValueValid"/>
</testsuite> <!-- com.blazefet.securitydetails.LandValueValid -->
