<?xml version="1.0" encoding="UTF-8"?>
<!-- Generated by org.testng.reporters.JUnitReportReporter -->
<testsuite hostname="VPCAUTMHWX10271" name="com.blazefet.customerdetails.LastNameValid" tests="1" failures="0" timestamp="29 Sep 2020 11:11:20 GMT" time="11.324" errors="0">
  <testcase name="ValidLasttName" time="11.324" classname="com.blazefet.customerdetails.LastNameValid"/>
</testsuite> <!-- com.blazefet.customerdetails.LastNameValid -->
