<?xml version="1.0" encoding="UTF-8"?>
<!-- Generated by org.testng.reporters.JUnitReportReporter -->
<testsuite hostname="VPCAUTMHWX10271" name="com.blazefet.customerdetails.ID2NameInvalid" tests="1" failures="0" timestamp="1 Oct 2020 10:21:40 GMT" time="13.134" errors="0">
  <testcase name="ValidID2Name" time="13.134" classname="com.blazefet.customerdetails.ID2NameInvalid"/>
</testsuite> <!-- com.blazefet.customerdetails.ID2NameInvalid -->
