<?xml version="1.0" encoding="UTF-8"?>
<!-- Generated by org.testng.reporters.JUnitReportReporter -->
<testsuite hostname="VPCAUTMHWX10271" name="com.blazefet.customerdetails.EmployerNameInvalid" tests="1" failures="0" timestamp="1 Oct 2020 09:56:05 GMT" time="12.480" errors="0">
  <testcase name="ValidEmployerName" time="12.480" classname="com.blazefet.customerdetails.EmployerNameInvalid"/>
</testsuite> <!-- com.blazefet.customerdetails.EmployerNameInvalid -->
