<?xml version="1.0" encoding="UTF-8"?>
<!-- Generated by org.testng.reporters.JUnitReportReporter -->
<testsuite skipped="0" hostname="VPCAUMWHWX00337" name="test.HomeLoanOwnerOccupied" tests="1" failures="0" timestamp="12 Nov 2020 11:28:32 GMT" time="62.774" errors="0">
  <testcase name="START" time="62.774" classname="test.HomeLoanOwnerOccupied"/>
</testsuite> <!-- test.HomeLoanOwnerOccupied -->
