<?xml version="1.0" encoding="UTF-8"?>
<!-- Generated by org.testng.reporters.JUnitReportReporter -->
<testsuite hostname="VPCAUTMHWX10271" name="com.blazefet.facilitydetails.DiscountedWaivedLAFValid" tests="1" failures="0" timestamp="5 Oct 2020 13:38:02 GMT" time="10.657" errors="0">
  <testcase name="ValidDiscountedWaivedLAF" time="10.657" classname="com.blazefet.facilitydetails.DiscountedWaivedLAFValid"/>
</testsuite> <!-- com.blazefet.facilitydetails.DiscountedWaivedLAFValid -->
