<?xml version="1.0" encoding="UTF-8"?>
<!-- Generated by org.testng.reporters.JUnitReportReporter -->
<testsuite hostname="VPCAUTMHWX10271" name="com.blazefet.securitydetails.FoorAreaSizeInvalid" tests="1" failures="0" timestamp="8 Oct 2020 05:57:19 GMT" time="13.461" errors="0">
  <testcase name="InValidFoorAreaSize" time="13.461" classname="com.blazefet.securitydetails.FoorAreaSizeInvalid"/>
</testsuite> <!-- com.blazefet.securitydetails.FoorAreaSizeInvalid -->
