<?xml version="1.0" encoding="UTF-8"?>
<!-- Generated by org.testng.reporters.JUnitReportReporter -->
<testsuite hostname="VPCAUTMHWX10271" name="com.blazefet.securitydetails.ImprovementValueInvalid" tests="1" failures="0" timestamp="8 Oct 2020 06:49:37 GMT" time="13.727" errors="0">
  <testcase name="ValidImprovementValue" time="13.727" classname="com.blazefet.securitydetails.ImprovementValueInvalid"/>
</testsuite> <!-- com.blazefet.securitydetails.ImprovementValueInvalid -->
