<?xml version="1.0" encoding="UTF-8"?>
<!-- Generated by org.testng.reporters.JUnitReportReporter -->
<testsuite hostname="VPCAUTMHWX10271" name="com.blazefet.securitydetails.AmountInvalid" tests="1" failures="0" timestamp="8 Oct 2020 05:34:47 GMT" time="18.189" errors="0">
  <testcase name="ValidAmount" time="18.189" classname="com.blazefet.securitydetails.AmountInvalid"/>
</testsuite> <!-- com.blazefet.securitydetails.AmountInvalid -->
