<?xml version="1.0" encoding="UTF-8"?>
<!-- Generated by org.testng.reporters.JUnitReportReporter -->
<testsuite skipped="0" hostname="VPCAUMWHWX00337" name="test.CreditCardNew" tests="1" failures="0" timestamp="02 Dec 2020 13:47:10 GMT" time="51.154" errors="0">
  <testcase name="START" time="51.154" classname="test.CreditCardNew"/>
</testsuite> <!-- test.CreditCardNew -->
