<?xml version="1.0" encoding="UTF-8"?>
<!-- Generated by org.testng.reporters.JUnitReportReporter -->
<testsuite hostname="VPCAUTMHWX10271" name="com.blazefet.facilitydetails.CashContributionInvalid" tests="1" failures="0" timestamp="5 Oct 2020 08:33:30 GMT" time="11.854" errors="0">
  <testcase name="InValidCashContribution" time="11.854" classname="com.blazefet.facilitydetails.CashContributionInvalid"/>
</testsuite> <!-- com.blazefet.facilitydetails.CashContributionInvalid -->
