<?xml version="1.0" encoding="UTF-8"?>
<!-- Generated by org.testng.reporters.JUnitReportReporter -->
<testsuite hostname="VPCAUTMHWX10271" name="com.blazefet.facilitydetails.SolicitorsCostInvalid" tests="1" failures="0" timestamp="5 Oct 2020 13:13:01 GMT" time="9.964" errors="0">
  <testcase name="InValidSolicitorsCost" time="9.964" classname="com.blazefet.facilitydetails.SolicitorsCostInvalid"/>
</testsuite> <!-- com.blazefet.facilitydetails.SolicitorsCostInvalid -->
