<?xml version="1.0" encoding="UTF-8"?>
<!-- Generated by org.testng.reporters.JUnitReportReporter -->
<testsuite hostname="VPCAUTMHWX10271" name="com.blazefet.facilitydetails.AmountRequestedValid" tests="1" failures="0" timestamp="5 Oct 2020 08:22:08 GMT" time="11.411" errors="0">
  <testcase name="ValidAmountrequested" time="11.411" classname="com.blazefet.facilitydetails.AmountRequestedValid"/>
</testsuite> <!-- com.blazefet.facilitydetails.AmountRequestedValid -->
