<?xml version="1.0" encoding="UTF-8"?>
<!-- Generated by org.testng.reporters.JUnitReportReporter -->
<testsuite hostname="VPCAUTMHWX10271" name="com.blazefet.securitydetails.ImprovementValueValid" tests="1" failures="0" timestamp="8 Oct 2020 06:48:00 GMT" time="12.676" errors="0">
  <testcase name="ValidImprovementValue" time="12.676" classname="com.blazefet.securitydetails.ImprovementValueValid"/>
</testsuite> <!-- com.blazefet.securitydetails.ImprovementValueValid -->
