<?xml version="1.0" encoding="UTF-8"?>
<!-- Generated by org.testng.reporters.JUnitReportReporter -->
<testsuite hostname="VPCAUTMHWX10271" name="com.blazefet.securitydetails.LandAreaSizeInvalid" tests="1" failures="0" timestamp="8 Oct 2020 05:45:10 GMT" time="16.124" errors="0">
  <testcase name="InValidLandAreaSize" time="16.124" classname="com.blazefet.securitydetails.LandAreaSizeInvalid"/>
</testsuite> <!-- com.blazefet.securitydetails.LandAreaSizeInvalid -->
