<?xml version="1.0" encoding="UTF-8"?>
<!-- Generated by org.testng.reporters.JUnitReportReporter -->
<testsuite hostname="VPCAUTMHWX10271" name="com.blazefet.securitydetails.AmountValid" tests="1" failures="0" timestamp="7 Oct 2020 13:45:32 GMT" time="14.485" errors="0">
  <testcase name="ValidAmount" time="14.485" classname="com.blazefet.securitydetails.AmountValid"/>
</testsuite> <!-- com.blazefet.securitydetails.AmountValid -->
