<?xml version="1.0" encoding="UTF-8"?>
<!-- Generated by org.testng.reporters.JUnitReportReporter -->
<testsuite hostname="VPCAUTMHWX10271" name="com.blazefet.securitydetails.LandAreaSizeValid" tests="1" failures="0" timestamp="8 Oct 2020 05:43:15 GMT" time="14.597" errors="0">
  <testcase name="ValidLandAreaSize" time="14.597" classname="com.blazefet.securitydetails.LandAreaSizeValid"/>
</testsuite> <!-- com.blazefet.securitydetails.LandAreaSizeValid -->
