<?xml version="1.0" encoding="UTF-8"?>
<!-- Generated by org.testng.reporters.JUnitReportReporter -->
<testsuite skipped="0" hostname="VPCAUMWHWX00337" name="test.General" tests="1" failures="0" timestamp="12 Nov 2020 05:01:29 GMT" time="53.900" errors="0">
  <testcase name="START" time="53.900" classname="test.General"/>
</testsuite> <!-- test.General -->
