<?xml version="1.0" encoding="UTF-8"?>
<!-- Generated by org.testng.reporters.JUnitReportReporter -->
<testsuite hostname="VPCAUTMHWX10271" name="com.blazefet.customerdetails.MiddleNameInvalid" tests="1" failures="0" timestamp="1 Oct 2020 10:02:26 GMT" time="12.929" errors="0">
  <testcase name="ValidMiddleName" time="12.929" classname="com.blazefet.customerdetails.MiddleNameInvalid"/>
</testsuite> <!-- com.blazefet.customerdetails.MiddleNameInvalid -->
