<?xml version="1.0" encoding="UTF-8"?>
<!-- Generated by org.testng.reporters.JUnitReportReporter -->
<testsuite skipped="0" hostname="VPCAUMWHWX00337" name="test.SampleTest" tests="1" failures="0" timestamp="18 Nov 2020 08:36:20 GMT" time="34.877" errors="0">
  <testcase name="Creditcardunsecuredmethod" time="34.877" classname="test.SampleTest"/>
</testsuite> <!-- test.SampleTest -->
