<?xml version="1.0" encoding="UTF-8"?>
<!-- Generated by org.testng.reporters.JUnitReportReporter -->
<testsuite hostname="VPCAUTMHWX10271" name="com.blazefet.facilitydetails.ContributionTradeInValueInvalid" tests="1" failures="0" timestamp="5 Oct 2020 12:57:08 GMT" time="10.578" errors="0">
  <testcase name="InValidContributionTradeInValue" time="10.578" classname="com.blazefet.facilitydetails.ContributionTradeInValueInvalid"/>
</testsuite> <!-- com.blazefet.facilitydetails.ContributionTradeInValueInvalid -->
