<?xml version="1.0" encoding="UTF-8"?>
<!-- Generated by org.testng.reporters.JUnitReportReporter -->
<testsuite hostname="VPCAUTMHWX10271" name="com.blazefet.customerdetails.PhoneNumberValid" tests="1" failures="0" timestamp="1 Oct 2020 08:07:40 GMT" time="11.936" errors="0">
  <testcase name="ValidPhoneNumber" time="11.936" classname="com.blazefet.customerdetails.PhoneNumberValid"/>
</testsuite> <!-- com.blazefet.customerdetails.PhoneNumberValid -->
