<?xml version="1.0" encoding="UTF-8"?>
<!-- Generated by org.testng.reporters.JUnitReportReporter -->
<testsuite hostname="VPCAUTMHWX10271" name="com.blazefet.customerdetails.NumberOfDependentsValid" tests="1" failures="0" timestamp="30 Sep 2020 07:36:38 GMT" time="10.293" errors="0">
  <testcase name="ValidNumberOfDependents" time="10.293" classname="com.blazefet.customerdetails.NumberOfDependentsValid"/>
</testsuite> <!-- com.blazefet.customerdetails.NumberOfDependentsValid -->
