<?xml version="1.0" encoding="UTF-8"?>
<!-- Generated by org.testng.reporters.JUnitReportReporter -->
<testsuite hostname="VPCAUTMHWX10271" name="com.blazefet.customerdetails.CustomerDetails" tests="1" failures="0" timestamp="29 Sep 2020 10:31:56 GMT" time="13.824" errors="0">
  <testcase name="ValidFirstName" time="13.824" classname="com.blazefet.customerdetails.CustomerDetails"/>
</testsuite> <!-- com.blazefet.customerdetails.CustomerDetails -->
