<?xml version="1.0" encoding="UTF-8"?>
<!-- Generated by org.testng.reporters.JUnitReportReporter -->
<testsuite hostname="VPCAUTMHWX10271" name="com.blazefet.customerdetails.ContactNumber2InValid" tests="1" failures="0" timestamp="30 Sep 2020 07:12:52 GMT" time="11.347" errors="0">
  <testcase name="INValidContactNumber2" time="11.347" classname="com.blazefet.customerdetails.ContactNumber2InValid"/>
</testsuite> <!-- com.blazefet.customerdetails.ContactNumber2InValid -->
