<?xml version="1.0" encoding="UTF-8"?>
<!-- Generated by org.testng.reporters.JUnitReportReporter -->
<testsuite skipped="0" hostname="VPCAUMWHWX00337" name="test.SampleTest" tests="1" failures="0" timestamp="05 Dec 2020 13:38:33 GMT" time="13.721" errors="0">
  <testcase name="Creditcardunsecuredmethod" time="13.721" classname="test.SampleTest"/>
</testsuite> <!-- test.SampleTest -->
