<?xml version="1.0" encoding="UTF-8"?>
<!-- Generated by org.testng.reporters.JUnitReportReporter -->
<testsuite hostname="VPCAUTMHWX10271" name="com.blazefet.customerdetails.ID1NAameInvalid" tests="1" failures="0" timestamp="1 Oct 2020 10:14:55 GMT" time="10.911" errors="0">
  <testcase name="ValidID1Name" time="10.911" classname="com.blazefet.customerdetails.ID1NAameInvalid"/>
</testsuite> <!-- com.blazefet.customerdetails.ID1NAameInvalid -->
