<?xml version="1.0" encoding="UTF-8"?>
<!-- Generated by org.testng.reporters.JUnitReportReporter -->
<testsuite skipped="0" hostname="VPCAUMWHWX00337" name="com.blazefet.customerdetails.CreditCardScore" tests="1" failures="0" timestamp="28 Oct 2020 05:48:42 GMT" time="8.280" errors="0">
  <testcase name="ValidContactNumber1" time="8.280" classname="com.blazefet.customerdetails.CreditCardScore"/>
</testsuite> <!-- com.blazefet.customerdetails.CreditCardScore -->
