<?xml version="1.0" encoding="UTF-8"?>
<!-- Generated by org.testng.reporters.JUnitReportReporter -->
<testsuite hostname="VPCAUTMHWX10271" name="com.blazefet.securitydetails.LandValueInvalid" tests="1" failures="0" timestamp="8 Oct 2020 06:43:45 GMT" time="13.646" errors="0">
  <testcase name="InValidLandValue" time="13.646" classname="com.blazefet.securitydetails.LandValueInvalid"/>
</testsuite> <!-- com.blazefet.securitydetails.LandValueInvalid -->
