<?xml version="1.0" encoding="UTF-8"?>
<!-- Generated by org.testng.reporters.JUnitReportReporter -->
<testsuite hostname="VPCAUTMHWX10271" name="com.blazefet.customerdetails.EmailaddressInvalid" tests="1" failures="0" timestamp="1 Oct 2020 05:58:32 GMT" time="13.119" errors="0">
  <testcase name="ValidEmailaddress" time="13.119" classname="com.blazefet.customerdetails.EmailaddressInvalid"/>
</testsuite> <!-- com.blazefet.customerdetails.EmailaddressInvalid -->
