<?xml version="1.0" encoding="UTF-8"?>
<!-- Generated by org.testng.reporters.JUnitReportReporter -->
<testsuite hostname="VPCAUTMHWX10271" name="com.blazefet.facilitydetails.InterestRateInvalid" tests="1" failures="0" timestamp="5 Oct 2020 07:29:42 GMT" time="13.330" errors="0">
  <testcase name="InValidInterestRate" time="13.330" classname="com.blazefet.facilitydetails.InterestRateInvalid"/>
</testsuite> <!-- com.blazefet.facilitydetails.InterestRateInvalid -->
