<?xml version="1.0" encoding="UTF-8"?>
<!-- Generated by org.testng.reporters.JUnitReportReporter -->
<testsuite skipped="0" hostname="VPCAUMWHWX00337" name="test.Dummy" tests="1" failures="0" timestamp="12 Nov 2020 11:47:32 GMT" time="71.311" errors="0">
  <testcase name="Verifying" time="71.311" classname="test.Dummy"/>
</testsuite> <!-- test.Dummy -->
