<?xml version="1.0" encoding="UTF-8"?>
<!-- Generated by org.testng.reporters.JUnitReportReporter -->
<testsuite hostname="VPCAUTMHWX10271" name="com.blazefet.facilitydetails.LoanTermInvalid" tests="1" failures="0" timestamp="5 Oct 2020 08:15:57 GMT" time="15.778" errors="0">
  <testcase name="InValidLoanTerm" time="15.778" classname="com.blazefet.facilitydetails.LoanTermInvalid"/>
</testsuite> <!-- com.blazefet.facilitydetails.LoanTermInvalid -->
