<?xml version="1.0" encoding="UTF-8"?>
<!-- Generated by org.testng.reporters.JUnitReportReporter -->
<testsuite hostname="VPCAUTMHWX10271" name="com.blazefet.facilitydetails.LoanTermValid" tests="1" failures="0" timestamp="5 Oct 2020 08:14:19 GMT" time="14.891" errors="0">
  <testcase name="ValidLoanTerm" time="14.891" classname="com.blazefet.facilitydetails.LoanTermValid"/>
</testsuite> <!-- com.blazefet.facilitydetails.LoanTermValid -->
