<?xml version="1.0" encoding="UTF-8"?>
<!-- Generated by org.testng.reporters.JUnitReportReporter -->
<testsuite hostname="VPCAUTMHWX10271" name="com.blazefet.facilitydetails.OtherCostValid" tests="1" failures="0" timestamp="5 Oct 2020 13:25:27 GMT" time="11.258" errors="0">
  <testcase name="ValidOtherCost" time="11.258" classname="com.blazefet.facilitydetails.OtherCostValid"/>
</testsuite> <!-- com.blazefet.facilitydetails.OtherCostValid -->
