<?xml version="1.0" encoding="UTF-8"?>
<!-- Generated by org.testng.reporters.JUnitReportReporter -->
<testsuite hostname="VPCAUTMHWX10271" name="com.blazefet.customerdetails.ID1Name" tests="1" failures="0" timestamp="1 Oct 2020 10:08:55 GMT" time="11.581" errors="0">
  <testcase name="ValidMiddleName" time="11.581" classname="com.blazefet.customerdetails.ID1Name"/>
</testsuite> <!-- com.blazefet.customerdetails.ID1Name -->
