<?xml version="1.0" encoding="UTF-8"?>
<!-- Generated by org.testng.reporters.JUnitReportReporter -->
<testsuite skipped="0" hostname="VPCAUMWHWX00337" name="test.CreditCardExisting" tests="1" failures="0" timestamp="12 Nov 2020 11:31:25 GMT" time="57.039" errors="0">
  <testcase name="START" time="57.039" classname="test.CreditCardExisting"/>
</testsuite> <!-- test.CreditCardExisting -->
