<?xml version="1.0" encoding="UTF-8"?>
<!-- Generated by org.testng.reporters.JUnitReportReporter -->
<testsuite hostname="VPCAUTMHWX10271" name="com.blazefet.facilitydetails.InterestRateValid" tests="1" failures="0" timestamp="5 Oct 2020 07:30:32 GMT" time="11.869" errors="0">
  <testcase name="ValidInterestRate" time="11.869" classname="com.blazefet.facilitydetails.InterestRateValid"/>
</testsuite> <!-- com.blazefet.facilitydetails.InterestRateValid -->
