<?xml version="1.0" encoding="UTF-8"?>
<!-- Generated by org.testng.reporters.JUnitReportReporter -->
<testsuite hostname="VPCAUTMHWX10271" name="com.blazefet.customerdetails.RelativeInvalid" tests="1" failures="0" timestamp="1 Oct 2020 08:27:32 GMT" time="11.305" errors="0">
  <testcase name="InValidRelativenamenotlivingwithyou" time="11.305" classname="com.blazefet.customerdetails.RelativeInvalid"/>
</testsuite> <!-- com.blazefet.customerdetails.RelativeInvalid -->
