<?xml version="1.0" encoding="UTF-8"?>
<!-- Generated by org.testng.reporters.JUnitReportReporter -->
<testsuite hostname="VPCAUTMHWX10271" name="com.blazefet.facilitydetails.DiscountedWaivedLAFInvalid" tests="1" failures="0" timestamp="5 Oct 2020 13:39:27 GMT" time="10.314" errors="0">
  <testcase name="ValidDiscountedWaivedLAF" time="10.314" classname="com.blazefet.facilitydetails.DiscountedWaivedLAFInvalid"/>
</testsuite> <!-- com.blazefet.facilitydetails.DiscountedWaivedLAFInvalid -->
