<?xml version="1.0" encoding="UTF-8"?>
<!-- Generated by org.testng.reporters.JUnitReportReporter -->
<testsuite hostname="VPCAUTMHWX10271" name="com.blazefet.customerdetails.Joint" tests="1" failures="0" timestamp="30 Sep 2020 07:50:24 GMT" time="11.556" errors="0">
  <testcase name="Joint" time="11.556" classname="com.blazefet.customerdetails.Joint"/>
</testsuite> <!-- com.blazefet.customerdetails.Joint -->
