<?xml version="1.0" encoding="UTF-8"?>
<!-- Generated by org.testng.reporters.JUnitReportReporter -->
<testsuite hostname="VPCAUTMHWX10271" name="com.blazefet.facilitydetails.OtherContributionValid" tests="1" failures="0" timestamp="5 Oct 2020 13:02:52 GMT" time="10.529" errors="0">
  <testcase name="ValidOtherContribution" time="10.529" classname="com.blazefet.facilitydetails.OtherContributionValid"/>
</testsuite> <!-- com.blazefet.facilitydetails.OtherContributionValid -->
